CPP:
cpp
**********************
Need a job token; we don't have children
cd liveMedia ; make
Putting child 0x56055b122540 (all) PID 3897936 on the chain.
Live child 0x56055b122540 (all) PID 3897936 
Jobserver client (fds 3,4)
make[1]: Entering directory '/home/local/finley/research/game_anywhere_mcg_research/gaminganywhere/ffmpeg-kit/live/liveMedia'
CPP:
cpp
**********************
Need a job token; we don't have children
/home/finley/Android/Sdk/ndk/22.1.7171670/toolchains/llvm/prebuilt/linux-x86_64/bin/x86_64-linux-android-ar crlibliveMedia.a  \
	Media.o MediaSource.o FramedSource.o FramedFileSource.o FramedFilter.o ByteStreamFileSource.o ByteStreamMultiFileSource.o ByteStreamMemoryBufferSource.o BasicUDPSource.o DeviceSource.o AudioInputDevice.o WAVAudioFileSource.o MPEG1or2Demux.o MPEG1or2DemuxedElementaryStream.o MPEGVideoStreamFramer.o MPEG1or2VideoStreamFramer.o MPEG1or2VideoStreamDiscreteFramer.o MPEG4VideoStreamFramer.o MPEG4VideoStreamDiscreteFramer.o H264or5VideoStreamFramer.o H264or5VideoStreamDiscreteFramer.o H264VideoStreamFramer.o H264VideoStreamDiscreteFramer.o H265VideoStreamFramer.o H265VideoStreamDiscreteFramer.o MPEGVideoStreamParser.o MPEG1or2AudioStreamFramer.o MPEG1or2AudioRTPSource.o MPEG4LATMAudioRTPSource.o MPEG4ESVideoRTPSource.o MPEG4GenericRTPSource.o MP3FileSource.o MP3Transcoder.o MP3ADU.o MP3ADUdescriptor.o MP3ADUinterleaving.o MP3ADUTranscoder.o MP3StreamState.o MP3Internals.o MP3InternalsHuffman.o MP3InternalsHuffmanTable.o MP3ADURTPSource.o MPEG1or2VideoRTPSource.o MPEG2TransportStreamMultiplexor.o MPEG2TransportStreamFromPESSource.o MPEG2TransportStreamFromESSource.o MPEG2TransportStreamFramer.o MPEG2TransportStreamAccumulator.o ADTSAudioFileSource.o ADTSAudioStreamDiscreteFramer.o JPEGVideoSource.o JPEGVideoRTPSource.o JPEG2000VideoRTPSource.o H263plusVideoRTPSource.o H263plusVideoStreamFramer.o H263plusVideoStreamParser.o AC3AudioStreamFramer.o AC3AudioRTPSource.o DVVideoStreamFramer.o DVVideoRTPSource.o AMRAudioSource.o AMRAudioFileSource.o InputFile.o StreamReplicator.o MediaSink.o FileSink.o BasicUDPSink.o AMRAudioFileSink.o H264or5VideoFileSink.o H264VideoFileSink.o H265VideoFileSink.o OggFileSink.o MPEG1or2AudioRTPSink.o MP3ADURTPSink.o MPEG1or2VideoRTPSink.o MPEG4LATMAudioRTPSink.o MPEG4GenericRTPSink.o MPEG4ESVideoRTPSink.o JPEGVideoRTPSink.o JPEG2000VideoRTPSink.o H263plusVideoRTPSink.o H264or5VideoRTPSink.o H264VideoRTPSink.o H265VideoRTPSink.o DVVideoRTPSink.o AC3AudioRTPSink.o VorbisAudioRTPSink.o TheoraVideoRTPSink.o VP8VideoRTPSink.o VP9VideoRTPSink.o GSMAudioRTPSink.o SimpleRTPSink.o AMRAudioRTPSink.o T140TextRTPSink.o OutputFile.o RawVideoRTPSink.o uLawAudioFilter.o RTPSource.o MultiFramedRTPSource.o SimpleRTPSource.o H261VideoRTPSource.o H264VideoRTPSource.o H265VideoRTPSource.o QCELPAudioRTPSource.o AMRAudioRTPSource.o VorbisAudioRTPSource.o TheoraVideoRTPSource.o VP8VideoRTPSource.o VP9VideoRTPSource.o RawVideoRTPSource.o RTPSink.o MultiFramedRTPSink.o AudioRTPSink.o VideoRTPSink.o TextRTPSink.o RTPInterface.o RTCP.o rtcp_from_spec.o GenericMediaServer.o RTSPServer.o RTSPServerRegister.o RTSPClient.o RTSPCommon.o RTSPRegisterSender.o SIPClient.o MediaSession.o ServerMediaSession.o PassiveServerMediaSubsession.o OnDemandServerMediaSubsession.o FileServerMediaSubsession.o MPEG4VideoFileServerMediaSubsession.o H264VideoFileServerMediaSubsession.o H265VideoFileServerMediaSubsession.o H263plusVideoFileServerMediaSubsession.o WAVAudioFileServerMediaSubsession.o AMRAudioFileServerMediaSubsession.o MP3AudioFileServerMediaSubsession.o MPEG1or2VideoFileServerMediaSubsession.o MPEG1or2FileServerDemux.o MPEG1or2DemuxedServerMediaSubsession.o MPEG2TransportFileServerMediaSubsession.o ADTSAudioFileServerMediaSubsession.o DVVideoFileServerMediaSubsession.o AC3AudioFileServerMediaSubsession.o MPEG2TransportUDPServerMediaSubsession.o ProxyServerMediaSession.o QuickTimeFileSink.o QuickTimeGenericRTPSource.o AVIFileSink.o MPEG2IndexFromTransportStream.o MPEG2TransportStreamIndexFile.o MPEG2TransportStreamTrickModeFilter.o MatroskaFile.o MatroskaFileParser.o EBMLNumber.o MatroskaDemuxedTrack.o MatroskaFileServerDemux.o MatroskaFileServerMediaSubsession.o MP3AudioMatroskaFileServerMediaSubsession.o OggFile.o OggFileParser.o OggDemuxedTrack.o OggFileServerDemux.o OggFileServerMediaSubsession.o MPEG2TransportStreamDemux.o MPEG2TransportStreamDemuxedTrack.o MPEG2TransportStreamParser.o MPEG2TransportStreamParser_PAT.o MPEG2TransportStreamParser_PMT.o MPEG2TransportStreamParser_STREAM.o HLSSegmenter.o TLSState.o MIKEY.o SRTPCryptographicContext.o HMAC_SHA1.o BitVector.o StreamParser.o DigestAuthentication.o ourMD5.o Base64.o Locale.o 
Putting child 0x560425e8c2b0 (libliveMedia.a) PID 3897938 on the chain.
Live child 0x560425e8c2b0 (libliveMedia.a) PID 3897938 
Reaping losing child 0x560425e8c2b0 PID 3897938 
Removing child 0x560425e8c2b0 PID 3897938 from chain.
make[1]: Leaving directory '/home/local/finley/research/game_anywhere_mcg_research/gaminganywhere/ffmpeg-kit/live/liveMedia'
Reaping losing child 0x56055b122540 PID 3897936 
Removing child 0x56055b122540 PID 3897936 from chain.
